15:38:27: Creating resource group General
15:38:27: Creating resource group OgreInternal
15:38:27: Creating resource group OgreAutodetect
15:38:27: SceneManagerFactory for type 'DefaultSceneManager' registered.
15:38:27: Registering ResourceManager for type Material
15:38:27: Registering ResourceManager for type Mesh
15:38:27: Registering ResourceManager for type Skeleton
15:38:27: MovableObjectFactory for type 'ParticleSystem' registered.
15:38:27: ArchiveFactory for archive type FileSystem registered.
15:38:27: ArchiveFactory for archive type Zip registered.
15:38:27: ArchiveFactory for archive type EmbeddedZip registered.
15:38:27: DDS codec registering
15:38:27: ETC codec registering
15:38:27: ASTC codec registering
15:38:27: Registering ResourceManager for type HighLevelGpuProgram
15:38:27: Registering ResourceManager for type Compositor
15:38:27: MovableObjectFactory for type 'Entity' registered.
15:38:27: MovableObjectFactory for type 'Light' registered.
15:38:27: MovableObjectFactory for type 'BillboardSet' registered.
15:38:27: MovableObjectFactory for type 'ManualObject' registered.
15:38:27: MovableObjectFactory for type 'BillboardChain' registered.
15:38:27: MovableObjectFactory for type 'RibbonTrail' registered.
15:38:27: Loading library engine/../.\RenderSystem_GL_d.dll
15:38:27: Installing plugin: GL RenderSystem
15:38:27: OpenGL Rendering Subsystem created.
15:38:27: Plugin successfully installed
15:38:27: Loading library engine/../.\Codec_STBI_d.dll
15:38:27: stb_image - v2.23 - public domain image loader
15:38:27: Supported formats: jpeg,jpg,png,bmp,psd,tga,gif,pic,ppm,pgm,hdr
15:38:27: *-*-* OGRE Initialising
15:38:27: *-*-* Version 1.12.10 (Rhagorthua)
15:38:27: CPU Identifier & Features
15:38:27: -------------------------
15:38:27:  *   CPU ID: GenuineIntel: Intel(R) Core(TM) i7-6500U CPU @ 2.50GHz
15:38:27:  *          SSE: yes
15:38:27:  *         SSE2: yes
15:38:27:  *         SSE3: yes
15:38:27:  *        SSE41: yes
15:38:27:  *        SSE42: yes
15:38:27:  *          MMX: yes
15:38:27:  *       MMXEXT: yes
15:38:27:  *        3DNOW: no
15:38:27:  *     3DNOWEXT: no
15:38:27:  *         CMOV: yes
15:38:27:  *          TSC: yes
15:38:27:  *INVARIANT TSC: yes
15:38:27:  *          FPU: yes
15:38:27:  *          PRO: yes
15:38:27:  *           HT: no
15:38:27: -------------------------
15:38:27: *** Starting Win32GL Subsystem ***
15:38:27: Registering ResourceManager for type Texture
15:38:27: Added resource location 'data/packs/Models_01.zip' of type 'Zip' to resource group 'General'
15:38:27: Added resource location 'data/packs/Scripts_01.zip' of type 'Zip' to resource group 'General'
15:38:27: Added resource location 'data/packs/Walkmaps_01.zip' of type 'Zip' to resource group 'General'
15:38:27: Added resource location 'engine/shaders/HLMS' of type 'FileSystem' to resource group 'General'
15:38:27: Added resource location 'engine/shaders/ShadowVolume' of type 'FileSystem' to resource group 'General'
15:38:27: RenderSystem::_createRenderWindow "HPMS Template", 320x200 windowed  miscParams: FSAA=0 colourDepth= displayFrequency=N/A externalWindowHandle=16719150 gamma=No vsync=Yes vsyncInterval=1 
15:38:27: Supported WGL extensions: WGL_EXT_depth_float WGL_ARB_buffer_region WGL_ARB_extensions_string WGL_ARB_make_current_read WGL_ARB_pixel_format WGL_ARB_pbuffer WGL_EXT_extensions_string WGL_EXT_swap_control WGL_ARB_multisample WGL_ARB_pixel_format_float WGL_ARB_framebuffer_sRGB WGL_ARB_create_context WGL_ARB_create_context_profile WGL_EXT_pixel_format_packed_float WGL_EXT_create_context_es_profile WGL_EXT_create_context_es2_profile WGL_NV_DX_interop WGL_NV_DX_interop2 WGL_ARB_create_context_robustness WGL_ARB_context_flush_control 
15:38:27: GL_VERSION = 4.6.0.0
15:38:27: GL_VENDOR = Intel
15:38:27: GL_RENDERER = Intel(R) HD Graphics 520
15:38:27: GL_EXTENSIONS = GL_3DFX_texture_compression_FXT1 GL_AMD_depth_clamp_separate GL_AMD_vertex_shader_layer GL_AMD_vertex_shader_viewport_index GL_ARB_ES2_compatibility GL_ARB_ES3_1_compatibility GL_ARB_ES3_compatibility GL_ARB_arrays_of_arrays GL_ARB_base_instance GL_ARB_blend_func_extended GL_ARB_buffer_storage GL_ARB_cl_event GL_ARB_clear_buffer_object GL_ARB_clear_texture GL_ARB_clip_control GL_ARB_color_buffer_float GL_ARB_compatibility GL_ARB_compressed_texture_pixel_storage GL_ARB_compute_shader GL_ARB_conditional_render_inverted GL_ARB_conservative_depth GL_ARB_copy_buffer GL_ARB_copy_image GL_ARB_cull_distance GL_ARB_debug_output GL_ARB_depth_buffer_float GL_ARB_depth_clamp GL_ARB_depth_texture GL_ARB_derivative_control GL_ARB_direct_state_access GL_ARB_draw_buffers GL_ARB_draw_buffers_blend GL_ARB_draw_elements_base_vertex GL_ARB_draw_indirect GL_ARB_draw_instanced GL_ARB_enhanced_layouts GL_ARB_explicit_attrib_location GL_ARB_explicit_uniform_location GL_ARB_fragment_coord_conventions GL_ARB_fragment_layer_viewport GL_ARB_fragment_program GL_ARB_fragment_program_shadow GL_ARB_fragment_shader GL_ARB_fragment_shader_interlock GL_ARB_framebuffer_no_attachments GL_ARB_framebuffer_object GL_ARB_framebuffer_sRGB GL_ARB_geometry_shader4 GL_ARB_get_program_binary GL_ARB_get_texture_sub_image GL_ARB_gl_spirv GL_ARB_gpu_shader5 GL_ARB_gpu_shader_fp64 GL_ARB_half_float_pixel GL_ARB_half_float_vertex GL_ARB_indirect_parameters GL_ARB_instanced_arrays GL_ARB_internalformat_query GL_ARB_internalformat_query2 GL_ARB_invalidate_subdata GL_ARB_map_buffer_alignment GL_ARB_map_buffer_range GL_ARB_multi_bind GL_ARB_multi_draw_indirect GL_ARB_multisample GL_ARB_multitexture GL_ARB_occlusion_query GL_ARB_occlusion_query2 GL_ARB_pipeline_statistics_query GL_ARB_pixel_buffer_object GL_ARB_point_parameters GL_ARB_point_sprite GL_ARB_polygon_offset_clamp GL_ARB_post_depth_coverage GL_ARB_program_interface_query GL_ARB_provoking_vertex GL_ARB_query_buffer_object GL_ARB_robust_buffer_access_behavior GL_ARB_robustness GL_ARB_robustness_isolation GL_ARB_sample_shading GL_ARB_sampler_objects GL_ARB_seamless_cube_map GL_ARB_seamless_cubemap_per_texture GL_ARB_separate_shader_objects GL_ARB_shader_atomic_counter_ops GL_ARB_shader_atomic_counters GL_ARB_shader_bit_encoding GL_ARB_shader_draw_parameters GL_ARB_shader_group_vote GL_ARB_shader_image_load_store GL_ARB_shader_image_size GL_ARB_shader_objects GL_ARB_shader_precision GL_ARB_shader_stencil_export GL_ARB_shader_storage_buffer_object GL_ARB_shader_subroutine GL_ARB_shader_texture_image_samples GL_ARB_shading_language_100 GL_ARB_shading_language_420pack GL_ARB_shading_language_packing GL_ARB_shadow GL_ARB_spirv_extensions GL_ARB_stencil_texturing GL_ARB_sync GL_ARB_tessellation_shader GL_ARB_texture_barrier GL_ARB_texture_border_clamp GL_ARB_texture_buffer_object GL_ARB_texture_buffer_object_rgb32 GL_ARB_texture_buffer_range GL_ARB_texture_compression GL_ARB_texture_compression_bptc GL_ARB_texture_compression_rgtc GL_ARB_texture_cube_map GL_ARB_texture_cube_map_array GL_ARB_texture_env_add GL_ARB_texture_env_combine GL_ARB_texture_env_crossbar GL_ARB_texture_env_dot3 GL_ARB_texture_filter_anisotropic GL_ARB_texture_float GL_ARB_texture_gather GL_ARB_texture_mirror_clamp_to_edge GL_ARB_texture_mirrored_repeat GL_ARB_texture_multisample GL_ARB_texture_non_power_of_two GL_ARB_texture_query_levels GL_ARB_texture_query_lod GL_ARB_texture_rectangle GL_ARB_texture_rg GL_ARB_texture_rgb10_a2ui GL_ARB_texture_stencil8 GL_ARB_texture_storage GL_ARB_texture_storage_multisample GL_ARB_texture_swizzle GL_ARB_texture_view GL_ARB_timer_query GL_ARB_transform_feedback2 GL_ARB_transform_feedback3 GL_ARB_transform_feedback_instanced GL_ARB_transform_feedback_overflow_query GL_ARB_transpose_matrix GL_ARB_uniform_buffer_object GL_ARB_vertex_array_bgra GL_ARB_vertex_array_object GL_ARB_vertex_attrib_64bit GL_ARB_vertex_attrib_binding GL_ARB_vertex_buffer_object GL_ARB_vertex_program GL_ARB_vertex_shader GL_ARB_vertex_type_10f_11f_11f_rev GL_ARB_vertex_type_2_10_10_10_rev GL_ARB_viewport_array GL_ARB_window_pos GL_ATI_separate_stencil GL_EXT_abgr GL_EXT_bgra GL_EXT_blend_color GL_EXT_blend_equation_separate GL_EXT_blend_func_separate GL_EXT_blend_minmax GL_EXT_blend_subtract GL_EXT_clip_volume_hint GL_EXT_compiled_vertex_array GL_EXT_direct_state_access GL_EXT_draw_buffers2 GL_EXT_draw_range_elements GL_EXT_fog_coord GL_EXT_framebuffer_blit GL_EXT_framebuffer_multisample GL_EXT_framebuffer_object GL_EXT_geometry_shader4 GL_EXT_gpu_program_parameters GL_EXT_gpu_shader4 GL_EXT_multi_draw_arrays GL_EXT_packed_depth_stencil GL_EXT_packed_float GL_EXT_packed_pixels GL_EXT_polygon_offset_clamp GL_EXT_rescale_normal GL_EXT_secondary_color GL_EXT_separate_specular_color GL_EXT_shader_framebuffer_fetch GL_EXT_shader_integer_mix GL_EXT_shadow_funcs GL_EXT_stencil_two_side GL_EXT_stencil_wrap GL_EXT_texture3D GL_EXT_texture_array GL_EXT_texture_compression_s3tc GL_EXT_texture_edge_clamp GL_EXT_texture_env_add GL_EXT_texture_env_combine GL_EXT_texture_filter_anisotropic GL_EXT_texture_integer GL_EXT_texture_lod_bias GL_EXT_texture_rectangle GL_EXT_texture_sRGB GL_EXT_texture_sRGB_decode GL_EXT_texture_shared_exponent GL_EXT_texture_snorm GL_EXT_texture_storage GL_EXT_texture_swizzle GL_EXT_timer_query GL_EXT_transform_feedback GL_IBM_texture_mirrored_repeat GL_INTEL_conservative_rasterization GL_INTEL_fragment_shader_ordering GL_INTEL_framebuffer_CMAA GL_INTEL_map_texture GL_INTEL_multi_rate_fragment_shader GL_INTEL_performance_query GL_KHR_blend_equation_advanced GL_KHR_blend_equation_advanced_coherent GL_KHR_context_flush_control GL_KHR_debug GL_KHR_no_error GL_KHR_texture_compression_astc_ldr GL_NV_blend_square GL_NV_conditional_render GL_NV_primitive_restart GL_NV_texgen_reflection GL_SGIS_generate_mipmap GL_SGIS_texture_edge_clamp GL_SGIS_texture_lod GL_SUN_multi_draw_arrays GL_WIN_swap_hint WGL_EXT_swap_control
15:38:27: ***************************
15:38:27: *** GL Renderer Started ***
15:38:27: ***************************
15:38:27: Registering ResourceManager for type GpuProgram
15:38:27: GLSL support detected
15:38:27: GL: Using GL_EXT_framebuffer_object for rendering to textures (best)
15:38:27: FBO PF_UNKNOWN depth/stencil support: D0S1 D0S4 D0S8 D0S16 D16S0 D16S1 D16S4 D16S8 D16S16 D24S0 D24S1 D24S4 D24S8 D24S16 D32S0 D32S1 D32S4 D32S8 D32S16 Packed-D24S8
15:38:27: FBO PF_A8 depth/stencil support: D0S0 D0S1 D0S4 D0S8 D0S16 D16S0 D16S1 D16S4 D16S8 D16S16 D24S0 D24S1 D24S4 D24S8 D24S16 D32S0 D32S1 D32S4 D32S8 D32S16 Packed-D24S8
15:38:27: FBO PF_R5G6B5 depth/stencil support: D0S0 D0S1 D0S4 D0S8 D0S16 D16S0 D16S1 D16S4 D16S8 D16S16 D24S0 D24S1 D24S4 D24S8 D24S16 D32S0 D32S1 D32S4 D32S8 D32S16 Packed-D24S8
15:38:27: FBO PF_A4R4G4B4 depth/stencil support: D0S0 D0S1 D0S4 D0S8 D0S16 D16S0 D16S1 D16S4 D16S8 D16S16 D24S0 D24S1 D24S4 D24S8 D24S16 D32S0 D32S1 D32S4 D32S8 D32S16 Packed-D24S8
15:38:27: FBO PF_A1R5G5B5 depth/stencil support: D0S0 D0S1 D0S4 D0S8 D0S16 D16S0 D16S1 D16S4 D16S8 D16S16 D24S0 D24S1 D24S4 D24S8 D24S16 D32S0 D32S1 D32S4 D32S8 D32S16 Packed-D24S8
15:38:27: FBO PF_R8G8B8 depth/stencil support: D0S0 D0S1 D0S4 D0S8 D0S16 D16S0 D16S1 D16S4 D16S8 D16S16 D24S0 D24S1 D24S4 D24S8 D24S16 D32S0 D32S1 D32S4 D32S8 D32S16 Packed-D24S8
15:38:27: FBO PF_B8G8R8 depth/stencil support: D0S0 D0S1 D0S4 D0S8 D0S16 D16S0 D16S1 D16S4 D16S8 D16S16 D24S0 D24S1 D24S4 D24S8 D24S16 D32S0 D32S1 D32S4 D32S8 D32S16 Packed-D24S8
15:38:27: FBO PF_A8R8G8B8 depth/stencil support: D0S0 D0S1 D0S4 D0S8 D0S16 D16S0 D16S1 D16S4 D16S8 D16S16 D24S0 D24S1 D24S4 D24S8 D24S16 D32S0 D32S1 D32S4 D32S8 D32S16 Packed-D24S8
15:38:27: FBO PF_A8B8G8R8 depth/stencil support: D0S0 D0S1 D0S4 D0S8 D0S16 D16S0 D16S1 D16S4 D16S8 D16S16 D24S0 D24S1 D24S4 D24S8 D24S16 D32S0 D32S1 D32S4 D32S8 D32S16 Packed-D24S8
15:38:27: FBO PF_B8G8R8A8 depth/stencil support: D0S0 D0S1 D0S4 D0S8 D0S16 D16S0 D16S1 D16S4 D16S8 D16S16 D24S0 D24S1 D24S4 D24S8 D24S16 D32S0 D32S1 D32S4 D32S8 D32S16 Packed-D24S8
15:38:27: FBO PF_FLOAT16_RGB depth/stencil support: D0S0 D0S1 D0S4 D0S8 D0S16 D16S0 D16S1 D16S4 D16S8 D16S16 D24S0 D24S1 D24S4 D24S8 D24S16 D32S0 D32S1 D32S4 D32S8 D32S16 Packed-D24S8
15:38:27: FBO PF_FLOAT16_RGBA depth/stencil support: D0S0 D0S1 D0S4 D0S8 D0S16 D16S0 D16S1 D16S4 D16S8 D16S16 D24S0 D24S1 D24S4 D24S8 D24S16 D32S0 D32S1 D32S4 D32S8 D32S16 Packed-D24S8
15:38:27: FBO PF_FLOAT32_RGB depth/stencil support: D0S0 D0S1 D0S4 D0S8 D0S16 D16S0 D16S1 D16S4 D16S8 D16S16 D24S0 D24S1 D24S4 D24S8 D24S16 D32S0 D32S1 D32S4 D32S8 D32S16 Packed-D24S8
15:38:27: FBO PF_FLOAT32_RGBA depth/stencil support: D0S0 D0S1 D0S4 D0S8 D0S16 D16S0 D16S1 D16S4 D16S8 D16S16 D24S0 D24S1 D24S4 D24S8 D24S16 D32S0 D32S1 D32S4 D32S8 D32S16 Packed-D24S8
15:38:27: FBO PF_X8R8G8B8 depth/stencil support: D0S0 D0S1 D0S4 D0S8 D0S16 D16S0 D16S1 D16S4 D16S8 D16S16 D24S0 D24S1 D24S4 D24S8 D24S16 D32S0 D32S1 D32S4 D32S8 D32S16 Packed-D24S8
15:38:27: FBO PF_X8B8G8R8 depth/stencil support: D0S0 D0S1 D0S4 D0S8 D0S16 D16S0 D16S1 D16S4 D16S8 D16S16 D24S0 D24S1 D24S4 D24S8 D24S16 D32S0 D32S1 D32S4 D32S8 D32S16 Packed-D24S8
15:38:27: FBO PF_R8G8B8A8 depth/stencil support: D0S0 D0S1 D0S4 D0S8 D0S16 D16S0 D16S1 D16S4 D16S8 D16S16 D24S0 D24S1 D24S4 D24S8 D24S16 D32S0 D32S1 D32S4 D32S8 D32S16 Packed-D24S8
15:38:27: FBO PF_DEPTH16 depth/stencil support: D0S0 D0S1 D0S4 D0S8 D0S16 D16S0 D16S1 D16S4 D16S8 D16S16 D24S0 D24S1 D24S4 D24S8 D24S16 D32S0 D32S1 D32S4 D32S8 D32S16 Packed-D24S8
15:38:27: FBO PF_SHORT_RGBA depth/stencil support: D0S0 D0S1 D0S4 D0S8 D0S16 D16S0 D16S1 D16S4 D16S8 D16S16 D24S0 D24S1 D24S4 D24S8 D24S16 D32S0 D32S1 D32S4 D32S8 D32S16 Packed-D24S8
15:38:27: FBO PF_R3G3B2 depth/stencil support: D0S0 D0S1 D0S4 D0S8 D0S16 D16S0 D16S1 D16S4 D16S8 D16S16 D24S0 D24S1 D24S4 D24S8 D24S16 D32S0 D32S1 D32S4 D32S8 D32S16 Packed-D24S8
15:38:27: FBO PF_SHORT_RGB depth/stencil support: D0S0 D0S1 D0S4 D0S8 D0S16 D16S0 D16S1 D16S4 D16S8 D16S16 D24S0 D24S1 D24S4 D24S8 D24S16 D32S0 D32S1 D32S4 D32S8 D32S16 Packed-D24S8
15:38:27: [GL] : Valid FBO targets PF_UNKNOWN PF_A8 PF_R5G6B5 PF_A4R4G4B4 PF_A1R5G5B5 PF_R8G8B8 PF_B8G8R8 PF_A8R8G8B8 PF_A8B8G8R8 PF_B8G8R8A8 PF_FLOAT16_RGB PF_FLOAT16_RGBA PF_FLOAT32_RGB PF_FLOAT32_RGBA PF_X8R8G8B8 PF_X8B8G8R8 PF_R8G8B8A8 PF_DEPTH16 PF_SHORT_RGBA PF_R3G3B2 PF_SHORT_RGB 
15:38:27: RenderSystem capabilities
15:38:27: -------------------------
15:38:27: RenderSystem Name: OpenGL Rendering Subsystem
15:38:27: GPU Vendor: intel
15:38:27: Device Name: Intel(R) HD Graphics 520
15:38:27: Driver Version: 4.6.0.0
15:38:27:  * Fixed function pipeline: yes
15:38:27:  * 32-bit index buffers: yes
15:38:27:  * Hardware stencil buffer: yes
15:38:27:    - Stencil depth: 8
15:38:27:    - Two sided stencil support: yes
15:38:27:    - Wrap stencil values: yes
15:38:27:  * Vertex programs: yes
15:38:27:    - Number of floating-point constants: 256
15:38:27:    - Number of integer constants: 0
15:38:27:    - Number of boolean constants: 0
15:38:27:  * Fragment programs: yes
15:38:27:    - Number of floating-point constants: 256
15:38:27:    - Number of integer constants: 0
15:38:27:    - Number of boolean constants: 0
15:38:27:  * Geometry programs: yes
15:38:27:    - Number of floating-point constants: 4096
15:38:27:    - Number of integer constants: 0
15:38:27:    - Number of boolean constants: 0
15:38:27:  * Tessellation Hull programs: no
15:38:27:  * Tessellation Domain programs: no
15:38:27:  * Compute programs: no
15:38:27:  * Supported Shader Profiles: arbfp1 arbvp1 glsl glsl100 glsl110 glsl120
15:38:27:  * Read-back compiled shader: yes
15:38:27:  * Number of vertex attributes: 16
15:38:27:  * Textures
15:38:27:    - Number of texture units: 16
15:38:27:    - Floating point: yes
15:38:27:    - Non-power-of-two: yes
15:38:27:    - 1D textures: yes
15:38:27:    - 2D array textures: yes
15:38:27:    - 3D textures: yes
15:38:27:    - Anisotropic filtering: yes
15:38:27:  * Texture Compression: yes
15:38:27:    - DXT: yes
15:38:27:    - VTC: no
15:38:27:    - PVRTC: no
15:38:27:    - ATC: no
15:38:27:    - ETC1: no
15:38:27:    - ETC2: no
15:38:27:    - BC4/BC5: no
15:38:27:    - BC6H/BC7: no
15:38:27:    - ASTC: no
15:38:27:    - Mipmaps for compressed formats: yes
15:38:27:  * Vertex Buffers
15:38:27:    - VET_UBYTE4 element type: yes
15:38:27:    - Render to Vertex Buffer: no
15:38:27:    - Instance Data: yes
15:38:27:    - Primitive Restart: no
15:38:27:  * Vertex texture fetch: yes
15:38:27:    - Max vertex textures: 32
15:38:27:    - Vertex textures shared: yes
15:38:27:  * Read/Write Buffers: no
15:38:27:  * Hardware Occlusion Query: yes
15:38:27:  * User clip planes: yes
15:38:27:  * Infinite far plane projection: yes
15:38:27:  * Depth clamping: no
15:38:27:  * Hardware render-to-texture: yes
15:38:27:    - Multiple Render Targets: 8
15:38:27:    - With different bit depths: yes
15:38:27:  * Point Sprites: yes
15:38:27:    - Extended parameters: yes
15:38:27:    - Max Size: 255
15:38:27:  * Wide Lines: yes
15:38:27:  * Hardware Gamma: yes
15:38:27:  * PBuffer support: yes
15:38:27:  * Vertex Array Objects: no
15:38:27:  * Separate shader objects: no
15:38:27:    - redeclare GLSL interface block: no
15:38:27:  * Debugging/ profiling events: no
15:38:27:  * Map buffer storage: yes
15:38:27: DefaultWorkQueue('Root') initialising on thread 1.
15:38:27: DefaultWorkQueue('Root')::WorkerFunc - thread 2 starting.
15:38:27: DefaultWorkQueue('Root')::WorkerFunc - thread 3 starting.
15:38:27: Particle Renderer Type 'billboard' registered
15:38:27: Parsing scripts for resource group General
15:38:27: Parsing script ShadowVolumeExtude.program
15:38:27: 'ShadowBlend.vert' WARNING: 1:1: '' :  #version directive missing


15:38:27: Parsing script Cube.material
15:38:27: Finished parsing scripts for resource group General
15:38:27: Creating resources for group General
15:38:27: All done
15:38:27: Parsing scripts for resource group OgreAutodetect
15:38:27: Finished parsing scripts for resource group OgreAutodetect
15:38:27: Creating resources for group OgreAutodetect
15:38:27: All done
15:38:27: Parsing scripts for resource group OgreInternal
15:38:27: Finished parsing scripts for resource group OgreInternal
15:38:27: Creating resources for group OgreInternal
15:38:27: All done
15:38:27: Mesh: Loading Cube.mesh.
15:38:27: DefaultWorkQueue('Root') shutting down on thread 1.
15:38:27: DefaultWorkQueue('Root')::WorkerFunc - thread 3 stopped.
15:38:27: DefaultWorkQueue('Root')::WorkerFunc - thread 2 stopped.
15:38:27: *-*-* OGRE Shutdown
15:38:27: Unregistering ResourceManager for type Compositor
15:38:27: Unloading library engine/../.\Codec_STBI
15:38:27: Uninstalling plugin: GL RenderSystem
15:38:27: Unregistering ResourceManager for type GpuProgram
15:38:27: *** Stopping Win32GL Subsystem ***
15:38:27: Unregistering ResourceManager for type Texture
15:38:27: Plugin successfully uninstalled
15:38:27: Unloading library engine/../.\RenderSystem_GL
15:38:27: Unregistering ResourceManager for type Skeleton
15:38:27: Unregistering ResourceManager for type Mesh
15:38:27: Unregistering ResourceManager for type HighLevelGpuProgram
15:38:27: Unregistering ResourceManager for type Material
